<?xml version="1.0" encoding="UTF-8"?>
<testng-results skipped="0" failed="0" ignored="0" total="2" passed="2">
  <reporter-output>
  </reporter-output>
  <suite name="Default suite" duration-ms="18599" started-at="2020-10-28T02:18:57 BDT" finished-at="2020-10-28T02:19:15 BDT">
    <groups>
    </groups>
    <test name="Default test" duration-ms="18599" started-at="2020-10-28T02:18:57 BDT" finished-at="2020-10-28T02:19:15 BDT">
      <class name="com.ive.AutomationSelenium.Test.LoginTest">
        <test-method status="PASS" signature="CheckLoginPageTitle()[pri:0, instance:com.ive.AutomationSelenium.Test.LoginTest@5a8806ef]" name="CheckLoginPageTitle" duration-ms="12495" started-at="2020-10-28T02:18:57 BDT" finished-at="2020-10-28T02:19:09 BDT">
          <reporter-output>
          </reporter-output>
        </test-method> <!-- CheckLoginPageTitle -->
        <test-method status="PASS" signature="Logintest()[pri:0, instance:com.ive.AutomationSelenium.Test.LoginTest@5a8806ef]" name="Logintest" duration-ms="6015" started-at="2020-10-28T02:19:09 BDT" finished-at="2020-10-28T02:19:15 BDT">
          <reporter-output>
          </reporter-output>
        </test-method> <!-- Logintest -->
      </class> <!-- com.ive.AutomationSelenium.Test.LoginTest -->
    </test> <!-- Default test -->
  </suite> <!-- Default suite -->
</testng-results>
